ERROR - 2022-02-10 08:22:15 --> No database selected
CRITICAL - 2022-02-10 08:22:15 --> Call to a member function getFirstRow() on bool
#0 C:\wamp64\www\CORE\inventov2\system\BaseModel.php(644): CodeIgniter\Model->doFirst()
#1 C:\wamp64\www\CORE\inventov2\app\Models\SettingsModel.php(20): CodeIgniter\BaseModel->first()
#2 C:\wamp64\www\CORE\inventov2\app\Filters\FrontendAuth.php(43): App\Models\SettingsModel->getSetting('jwt_secret_key')
#3 C:\wamp64\www\CORE\inventov2\system\Filters\Filters.php(181): App\Filters\FrontendAuth->before(Object(CodeIgniter\HTTP\IncomingRequest), NULL)
#4 C:\wamp64\www\CORE\inventov2\system\CodeIgniter.php(407): CodeIgniter\Filters\Filters->run('/', 'before')
#5 C:\wamp64\www\CORE\inventov2\system\CodeIgniter.php(336): CodeIgniter\CodeIgniter->handleRequest(NULL, Object(Config\Cache), false)
#6 C:\wamp64\www\CORE\index.php(37): CodeIgniter\CodeIgniter->run()
#7 {main}
ERROR - 2022-02-10 08:23:15 --> No database selected
CRITICAL - 2022-02-10 08:23:15 --> Call to a member function getFirstRow() on bool
#0 C:\wamp64\www\CORE\inventov2\system\BaseModel.php(644): CodeIgniter\Model->doFirst()
#1 C:\wamp64\www\CORE\inventov2\app\Models\SettingsModel.php(20): CodeIgniter\BaseModel->first()
#2 C:\wamp64\www\CORE\inventov2\app\Filters\FrontendAuth.php(43): App\Models\SettingsModel->getSetting('jwt_secret_key')
#3 C:\wamp64\www\CORE\inventov2\system\Filters\Filters.php(181): App\Filters\FrontendAuth->before(Object(CodeIgniter\HTTP\IncomingRequest), NULL)
#4 C:\wamp64\www\CORE\inventov2\system\CodeIgniter.php(407): CodeIgniter\Filters\Filters->run('/', 'before')
#5 C:\wamp64\www\CORE\inventov2\system\CodeIgniter.php(336): CodeIgniter\CodeIgniter->handleRequest(NULL, Object(Config\Cache), false)
#6 C:\wamp64\www\CORE\index.php(37): CodeIgniter\CodeIgniter->run()
#7 {main}
ERROR - 2022-02-10 08:23:17 --> No database selected
CRITICAL - 2022-02-10 08:23:17 --> Call to a member function getFirstRow() on bool
#0 C:\wamp64\www\CORE\inventov2\system\BaseModel.php(644): CodeIgniter\Model->doFirst()
#1 C:\wamp64\www\CORE\inventov2\app\Models\SettingsModel.php(20): CodeIgniter\BaseModel->first()
#2 C:\wamp64\www\CORE\inventov2\app\Filters\FrontendAuth.php(43): App\Models\SettingsModel->getSetting('jwt_secret_key')
#3 C:\wamp64\www\CORE\inventov2\system\Filters\Filters.php(181): App\Filters\FrontendAuth->before(Object(CodeIgniter\HTTP\IncomingRequest), NULL)
#4 C:\wamp64\www\CORE\inventov2\system\CodeIgniter.php(407): CodeIgniter\Filters\Filters->run('/', 'before')
#5 C:\wamp64\www\CORE\inventov2\system\CodeIgniter.php(336): CodeIgniter\CodeIgniter->handleRequest(NULL, Object(Config\Cache), false)
#6 C:\wamp64\www\CORE\index.php(37): CodeIgniter\CodeIgniter->run()
#7 {main}
ERROR - 2022-02-10 08:23:22 --> No database selected
CRITICAL - 2022-02-10 08:23:22 --> Call to a member function getFirstRow() on bool
#0 C:\wamp64\www\CORE\inventov2\system\BaseModel.php(644): CodeIgniter\Model->doFirst()
#1 C:\wamp64\www\CORE\inventov2\app\Models\SettingsModel.php(20): CodeIgniter\BaseModel->first()
#2 C:\wamp64\www\CORE\inventov2\app\Filters\FrontendAuth.php(43): App\Models\SettingsModel->getSetting('jwt_secret_key')
#3 C:\wamp64\www\CORE\inventov2\system\Filters\Filters.php(181): App\Filters\FrontendAuth->before(Object(CodeIgniter\HTTP\IncomingRequest), NULL)
#4 C:\wamp64\www\CORE\inventov2\system\CodeIgniter.php(407): CodeIgniter\Filters\Filters->run('/', 'before')
#5 C:\wamp64\www\CORE\inventov2\system\CodeIgniter.php(336): CodeIgniter\CodeIgniter->handleRequest(NULL, Object(Config\Cache), false)
#6 C:\wamp64\www\CORE\index.php(37): CodeIgniter\CodeIgniter->run()
#7 {main}
ERROR - 2022-02-10 08:24:21 --> No database selected
CRITICAL - 2022-02-10 08:24:21 --> Call to a member function getFirstRow() on bool
#0 C:\wamp64\www\CORE\inventov2\system\BaseModel.php(644): CodeIgniter\Model->doFirst()
#1 C:\wamp64\www\CORE\inventov2\app\Models\SettingsModel.php(20): CodeIgniter\BaseModel->first()
#2 C:\wamp64\www\CORE\inventov2\app\Filters\FrontendAuth.php(43): App\Models\SettingsModel->getSetting('jwt_secret_key')
#3 C:\wamp64\www\CORE\inventov2\system\Filters\Filters.php(181): App\Filters\FrontendAuth->before(Object(CodeIgniter\HTTP\IncomingRequest), NULL)
#4 C:\wamp64\www\CORE\inventov2\system\CodeIgniter.php(407): CodeIgniter\Filters\Filters->run('/', 'before')
#5 C:\wamp64\www\CORE\inventov2\system\CodeIgniter.php(336): CodeIgniter\CodeIgniter->handleRequest(NULL, Object(Config\Cache), false)
#6 C:\wamp64\www\CORE\index.php(37): CodeIgniter\CodeIgniter->run()
#7 {main}
