CRITICAL - 2022-02-11 05:27:46 --> Constant FILTER_SANITIZE_STRING is deprecated
#0 C:\wamp64\www\CORE\inventov2\system\Router\RouteCollection.php(1368): CodeIgniter\Debug\Exceptions->errorHandler(8192, 'Constant FILTER...', 'C:\\wamp64\\www\\C...', 1368)
#1 C:\wamp64\www\CORE\inventov2\system\Router\RouteCollection.php(628): CodeIgniter\Router\RouteCollection->create('*', 'BaseController(...', Object(Closure), NULL)
#2 C:\wamp64\www\CORE\inventov2\system\Config\Routes.php(27): CodeIgniter\Router\RouteCollection->add('BaseController(...', Object(Closure))
#3 C:\wamp64\www\CORE\inventov2\app\Config\Routes.php(12): require('C:\\wamp64\\www\\C...')
#4 C:\wamp64\www\CORE\inventov2\system\CodeIgniter.php(796): require('C:\\wamp64\\www\\C...')
#5 C:\wamp64\www\CORE\inventov2\system\CodeIgniter.php(389): CodeIgniter\CodeIgniter->tryToRouteIt(Object(CodeIgniter\Router\RouteCollection))
#6 C:\wamp64\www\CORE\inventov2\system\CodeIgniter.php(336): CodeIgniter\CodeIgniter->handleRequest(NULL, Object(Config\Cache), false)
#7 C:\wamp64\www\CORE\index.php(37): CodeIgniter\CodeIgniter->run()
#8 {main}
CRITICAL - 2022-02-11 05:27:46 --> Uncaught ErrorException: Cannot modify header information - headers already sent by (output started at C:\wamp64\www\CORE\inventov2\system\Cookie\Cookie.php:39) in C:\wamp64\www\CORE\inventov2\system\Debug\Exceptions.php:137
Stack trace:
#0 [internal function]: CodeIgniter\Debug\Exceptions->errorHandler(2, 'Cannot modify h...', 'C:\\wamp64\\www\\C...', 137)
#1 C:\wamp64\www\CORE\inventov2\system\Debug\Exceptions.php(137): header('HTTP/1.1 500 In...', true, 500)
#2 [internal function]: CodeIgniter\Debug\Exceptions->exceptionHandler(Object(ErrorException))
#3 {main}
  thrown
#0 [internal function]: CodeIgniter\Debug\Exceptions->shutdownHandler()
#1 {main}
CRITICAL - 2022-02-11 05:27:49 --> Constant FILTER_SANITIZE_STRING is deprecated
#0 C:\wamp64\www\CORE\inventov2\system\Router\RouteCollection.php(1368): CodeIgniter\Debug\Exceptions->errorHandler(8192, 'Constant FILTER...', 'C:\\wamp64\\www\\C...', 1368)
#1 C:\wamp64\www\CORE\inventov2\system\Router\RouteCollection.php(628): CodeIgniter\Router\RouteCollection->create('*', 'BaseController(...', Object(Closure), NULL)
#2 C:\wamp64\www\CORE\inventov2\system\Config\Routes.php(27): CodeIgniter\Router\RouteCollection->add('BaseController(...', Object(Closure))
#3 C:\wamp64\www\CORE\inventov2\app\Config\Routes.php(12): require('C:\\wamp64\\www\\C...')
#4 C:\wamp64\www\CORE\inventov2\system\CodeIgniter.php(796): require('C:\\wamp64\\www\\C...')
#5 C:\wamp64\www\CORE\inventov2\system\CodeIgniter.php(389): CodeIgniter\CodeIgniter->tryToRouteIt(Object(CodeIgniter\Router\RouteCollection))
#6 C:\wamp64\www\CORE\inventov2\system\CodeIgniter.php(336): CodeIgniter\CodeIgniter->handleRequest(NULL, Object(Config\Cache), false)
#7 C:\wamp64\www\CORE\index.php(37): CodeIgniter\CodeIgniter->run()
#8 {main}
CRITICAL - 2022-02-11 05:27:49 --> Uncaught ErrorException: Cannot modify header information - headers already sent by (output started at C:\wamp64\www\CORE\inventov2\system\Cookie\Cookie.php:39) in C:\wamp64\www\CORE\inventov2\system\Debug\Exceptions.php:137
Stack trace:
#0 [internal function]: CodeIgniter\Debug\Exceptions->errorHandler(2, 'Cannot modify h...', 'C:\\wamp64\\www\\C...', 137)
#1 C:\wamp64\www\CORE\inventov2\system\Debug\Exceptions.php(137): header('HTTP/1.1 500 In...', true, 500)
#2 [internal function]: CodeIgniter\Debug\Exceptions->exceptionHandler(Object(ErrorException))
#3 {main}
  thrown
#0 [internal function]: CodeIgniter\Debug\Exceptions->shutdownHandler()
#1 {main}
CRITICAL - 2022-02-11 05:27:55 --> Constant FILTER_SANITIZE_STRING is deprecated
#0 C:\wamp64\www\CORE\inventov2\system\Router\RouteCollection.php(1368): CodeIgniter\Debug\Exceptions->errorHandler(8192, 'Constant FILTER...', 'C:\\wamp64\\www\\C...', 1368)
#1 C:\wamp64\www\CORE\inventov2\system\Router\RouteCollection.php(628): CodeIgniter\Router\RouteCollection->create('*', 'BaseController(...', Object(Closure), NULL)
#2 C:\wamp64\www\CORE\inventov2\system\Config\Routes.php(27): CodeIgniter\Router\RouteCollection->add('BaseController(...', Object(Closure))
#3 C:\wamp64\www\CORE\inventov2\app\Config\Routes.php(12): require('C:\\wamp64\\www\\C...')
#4 C:\wamp64\www\CORE\inventov2\system\CodeIgniter.php(796): require('C:\\wamp64\\www\\C...')
#5 C:\wamp64\www\CORE\inventov2\system\CodeIgniter.php(389): CodeIgniter\CodeIgniter->tryToRouteIt(Object(CodeIgniter\Router\RouteCollection))
#6 C:\wamp64\www\CORE\inventov2\system\CodeIgniter.php(336): CodeIgniter\CodeIgniter->handleRequest(NULL, Object(Config\Cache), false)
#7 C:\wamp64\www\CORE\index.php(37): CodeIgniter\CodeIgniter->run()
#8 {main}
CRITICAL - 2022-02-11 05:27:55 --> Uncaught ErrorException: Cannot modify header information - headers already sent by (output started at C:\wamp64\www\CORE\inventov2\system\Cookie\Cookie.php:39) in C:\wamp64\www\CORE\inventov2\system\Debug\Exceptions.php:137
Stack trace:
#0 [internal function]: CodeIgniter\Debug\Exceptions->errorHandler(2, 'Cannot modify h...', 'C:\\wamp64\\www\\C...', 137)
#1 C:\wamp64\www\CORE\inventov2\system\Debug\Exceptions.php(137): header('HTTP/1.1 500 In...', true, 500)
#2 [internal function]: CodeIgniter\Debug\Exceptions->exceptionHandler(Object(ErrorException))
#3 {main}
  thrown
#0 [internal function]: CodeIgniter\Debug\Exceptions->shutdownHandler()
#1 {main}
CRITICAL - 2022-02-11 05:27:57 --> Constant FILTER_SANITIZE_STRING is deprecated
#0 C:\wamp64\www\CORE\inventov2\system\Router\RouteCollection.php(1368): CodeIgniter\Debug\Exceptions->errorHandler(8192, 'Constant FILTER...', 'C:\\wamp64\\www\\C...', 1368)
#1 C:\wamp64\www\CORE\inventov2\system\Router\RouteCollection.php(628): CodeIgniter\Router\RouteCollection->create('*', 'BaseController(...', Object(Closure), NULL)
#2 C:\wamp64\www\CORE\inventov2\system\Config\Routes.php(27): CodeIgniter\Router\RouteCollection->add('BaseController(...', Object(Closure))
#3 C:\wamp64\www\CORE\inventov2\app\Config\Routes.php(12): require('C:\\wamp64\\www\\C...')
#4 C:\wamp64\www\CORE\inventov2\system\CodeIgniter.php(796): require('C:\\wamp64\\www\\C...')
#5 C:\wamp64\www\CORE\inventov2\system\CodeIgniter.php(389): CodeIgniter\CodeIgniter->tryToRouteIt(Object(CodeIgniter\Router\RouteCollection))
#6 C:\wamp64\www\CORE\inventov2\system\CodeIgniter.php(336): CodeIgniter\CodeIgniter->handleRequest(NULL, Object(Config\Cache), false)
#7 C:\wamp64\www\CORE\index.php(37): CodeIgniter\CodeIgniter->run()
#8 {main}
CRITICAL - 2022-02-11 05:27:57 --> Uncaught ErrorException: Cannot modify header information - headers already sent by (output started at C:\wamp64\www\CORE\inventov2\system\Cookie\Cookie.php:39) in C:\wamp64\www\CORE\inventov2\system\Debug\Exceptions.php:137
Stack trace:
#0 [internal function]: CodeIgniter\Debug\Exceptions->errorHandler(2, 'Cannot modify h...', 'C:\\wamp64\\www\\C...', 137)
#1 C:\wamp64\www\CORE\inventov2\system\Debug\Exceptions.php(137): header('HTTP/1.1 500 In...', true, 500)
#2 [internal function]: CodeIgniter\Debug\Exceptions->exceptionHandler(Object(ErrorException))
#3 {main}
  thrown
#0 [internal function]: CodeIgniter\Debug\Exceptions->shutdownHandler()
#1 {main}
